Using pre-set license
Built from '2020.3/staging' branch; Version is '2020.3.32f1 (12f8b0834f07) revision 1243312'; Using compiler version '192528614'; Build Type 'Release'
OS: 'Windows 11  (10.0.22000) 64bit Professional' Language: 'en' Physical Memory: 24491 MB
BatchMode: 1, IsHumanControllingUs: 0, StartBugReporterOnCrash: 0, Is64bit: 1, IsPro: 0

COMMAND LINE ARGUMENTS:
C:\Program Files\Unity\Hub\Editor\2020.3.32f1\Editor\Unity.exe
-adb2
-batchMode
-noUpm
-name
AssetImportWorker0
-projectPath
C:/Users/Juan Cruz Tourret/My project
-logFile
Logs/AssetImportWorker0.log
-srvPort
62783
Successfully changed project path to: C:/Users/Juan Cruz Tourret/My project
C:/Users/Juan Cruz Tourret/My project
Using Asset Import Pipeline V2.
Refreshing native plugins compatible for Editor in 26.16 ms, found 2 plugins.
Preloading 0 native plugins for Editor in 0.00 ms.
Initialize engine version: 2020.3.32f1 (12f8b0834f07)
[Subsystems] Discovering subsystems at path C:/Program Files/Unity/Hub/Editor/2020.3.32f1/Editor/Data/Resources/UnitySubsystems
[Subsystems] Discovering subsystems at path C:/Users/Juan Cruz Tourret/My project/Assets
GfxDevice: creating device client; threaded=0
Direct3D:
    Version:  Direct3D 11.0 [level 11.1]
    Renderer: NVIDIA GeForce GTX 1060 3GB (ID=0x1c02)
    Vendor:   
    VRAM:     2988 MB
    Driver:   30.0.15.1179
Initialize mono
Mono path[0] = 'C:/Program Files/Unity/Hub/Editor/2020.3.32f1/Editor/Data/Managed'
Mono path[1] = 'C:/Program Files/Unity/Hub/Editor/2020.3.32f1/Editor/Data/MonoBleedingEdge/lib/mono/unityjit'
Mono config path = 'C:/Program Files/Unity/Hub/Editor/2020.3.32f1/Editor/Data/MonoBleedingEdge/etc'
Using monoOptions --debugger-agent=transport=dt_socket,embedding=1,server=y,suspend=n,address=127.0.0.1:56088
Begin MonoManager ReloadAssembly
Registering precompiled unity dll's ...
Register platform support module: C:/Program Files/Unity/Hub/Editor/2020.3.32f1/Editor/Data/PlaybackEngines/WindowsStandaloneSupport/UnityEditor.WindowsStandalone.Extensions.dll
Registered in 0.001223 seconds.
Native extension for WindowsStandalone target not found
Refreshing native plugins compatible for Editor in 28.79 ms, found 2 plugins.
Preloading 0 native plugins for Editor in 0.00 ms.
Mono: successfully reloaded assembly
- Completed reload, in  0.566 seconds
Domain Reload Profiling:
	ReloadAssembly (566ms)
		BeginReloadAssembly (54ms)
			ExecutionOrderSort (0ms)
			DisableScriptedObjects (0ms)
			BackupInstance (0ms)
			ReleaseScriptingObjects (0ms)
			CreateAndSetChildDomain (1ms)
		EndReloadAssembly (430ms)
			LoadAssemblies (53ms)
			RebuildTransferFunctionScriptingTraits (0ms)
			SetupTypeCache (136ms)
			ReleaseScriptCaches (0ms)
			RebuildScriptCaches (33ms)
			SetupLoadedEditorAssemblies (163ms)
				LogAssemblyErrors (0ms)
				InitializePlatformSupportModulesInManaged (4ms)
				SetLoadedEditorAssemblies (0ms)
				RefreshPlugins (29ms)
				BeforeProcessingInitializeOnLoad (16ms)
				ProcessInitializeOnLoadAttributes (77ms)
				ProcessInitializeOnLoadMethodAttributes (36ms)
				AfterProcessingInitializeOnLoad (0ms)
				EditorAssembliesLoaded (0ms)
			ExecutionOrderSort2 (0ms)
			AwakeInstancesAfterBackupRestoration (0ms)
Platform modules already initialized, skipping
Registering precompiled user dll's ...
Registered in 0.002342 seconds.
Begin MonoManager ReloadAssembly
Native extension for WindowsStandalone target not found
Refreshing native plugins compatible for Editor in 0.30 ms, found 2 plugins.
Preloading 0 native plugins for Editor in 0.00 ms.
Mono: successfully reloaded assembly
- Completed reload, in  0.975 seconds
Domain Reload Profiling:
	ReloadAssembly (976ms)
		BeginReloadAssembly (135ms)
			ExecutionOrderSort (0ms)
			DisableScriptedObjects (5ms)
			BackupInstance (0ms)
			ReleaseScriptingObjects (0ms)
			CreateAndSetChildDomain (17ms)
		EndReloadAssembly (785ms)
			LoadAssemblies (87ms)
			RebuildTransferFunctionScriptingTraits (0ms)
			SetupTypeCache (270ms)
			ReleaseScriptCaches (0ms)
			RebuildScriptCaches (58ms)
			SetupLoadedEditorAssemblies (288ms)
				LogAssemblyErrors (0ms)
				InitializePlatformSupportModulesInManaged (4ms)
				SetLoadedEditorAssemblies (0ms)
				RefreshPlugins (0ms)
				BeforeProcessingInitializeOnLoad (79ms)
				ProcessInitializeOnLoadAttributes (191ms)
				ProcessInitializeOnLoadMethodAttributes (9ms)
				AfterProcessingInitializeOnLoad (4ms)
				EditorAssembliesLoaded (0ms)
			ExecutionOrderSort2 (0ms)
			AwakeInstancesAfterBackupRestoration (7ms)
Platform modules already initialized, skipping
========================================================================
Worker process is ready to serve import requests
Launched and connected shader compiler UnityShaderCompiler.exe after 0.03 seconds
Refreshing native plugins compatible for Editor in 0.46 ms, found 2 plugins.
Preloading 0 native plugins for Editor in 0.00 ms.
Unloading 1506 Unused Serialized files (Serialized files now loaded: 0)
System memory in use before: 68.5 MB.
System memory in use after: 68.6 MB.

Unloading 16 unused Assets to reduce memory usage. Loaded Objects now: 1942.
Total: 2.940300 ms (FindLiveObjects: 0.133900 ms CreateObjectMapping: 0.037400 ms MarkObjects: 2.710500 ms  DeleteObjects: 0.057600 ms)

AssetImportParameters requested are different than current active one (requested -> active):
  custom:framework-win-MediaFoundation: 216162199b28c13a410421893ffa2e32 -> 
  custom:video-decoder-ogg-theora: a1e56fd34408186e4bbccfd4996cb3dc -> 
  custom:container-muxer-webm: aa71ff27fc2769a1b78a27578f13a17b -> 
  custom:container-demuxer-webm: 4f35f7cbe854078d1ac9338744f61a02 -> 
  custom:container-demuxer-ogg: 62fdf1f143b41e24485cea50d1cbac27 -> 
  custom:video-encoder-webm-vp8: eb34c28f22e8b96e1ab97ce403110664 -> 
  custom:video-decoder-webm-vp8: 9c59270c3fd7afecdb556c50c9e8de78 -> 
  custom:audio-decoder-ogg-vorbis: bf7c407c2cedff20999df2af8eb42d56 -> 
  custom:audio-encoder-webm-vorbis: bf7c407c2cedff20999df2af8eb42d56 -> 
========================================================================
Received Import Request.
  path: Assets/ExportToUnity.fbx
  artifactKey: Guid(c628b1908c6a4c046980f0a0de32e744) Importer(815301076,1909f56bfc062723c751e8b465ee728b)
Start importing Assets/ExportToUnity.fbx using Guid(c628b1908c6a4c046980f0a0de32e744) Importer(815301076,1909f56bfc062723c751e8b465ee728b)  -> (artifact id: '5cae97cb1c65d12fe55af6598ae72d27') in 0.351012 seconds 
========================================================================
Received Import Request.
  Time since last request: 49.597439 seconds.
  path: Assets/ToUnity.fbx
  artifactKey: Guid(e18f1e8e371c213429212a7409b9191f) Importer(815301076,1909f56bfc062723c751e8b465ee728b)
Start importing Assets/ToUnity.fbx using Guid(e18f1e8e371c213429212a7409b9191f) Importer(815301076,1909f56bfc062723c751e8b465ee728b)  -> (artifact id: '989d1eda8b19778f109c83692c31baf2') in 0.029165 seconds 
========================================================================
Received Import Request.
  Time since last request: 50.847857 seconds.
  path: Assets/ToSubstance_lambert1_AlbedoTransparency.png
  artifactKey: Guid(b57ce9b2b4fd84941809e5a7cbd6d955) Importer(815301076,1909f56bfc062723c751e8b465ee728b)
Start importing Assets/ToSubstance_lambert1_AlbedoTransparency.png using Guid(b57ce9b2b4fd84941809e5a7cbd6d955) Importer(815301076,1909f56bfc062723c751e8b465ee728b)  -> (artifact id: 'b55786fcb1657eb3d251a4ee9872a56d') in 0.042224 seconds 
========================================================================
Received Import Request.
  Time since last request: 0.000247 seconds.
  path: Assets/ToSubstance_lambert1_Normal.png
  artifactKey: Guid(f3307856dd24438479877d28fd24cd33) Importer(815301076,1909f56bfc062723c751e8b465ee728b)
Start importing Assets/ToSubstance_lambert1_Normal.png using Guid(f3307856dd24438479877d28fd24cd33) Importer(815301076,1909f56bfc062723c751e8b465ee728b)  -> (artifact id: '810133d7efdebd50d0f9ba7f594fa6cf') in 0.009835 seconds 
========================================================================
Received Import Request.
  Time since last request: 0.000271 seconds.
  path: Assets/ToSubstance_lambert1_MetallicSmoothness.png
  artifactKey: Guid(dd6ad5c93c0993346977ac7e7577db9b) Importer(815301076,1909f56bfc062723c751e8b465ee728b)
Start importing Assets/ToSubstance_lambert1_MetallicSmoothness.png using Guid(dd6ad5c93c0993346977ac7e7577db9b) Importer(815301076,1909f56bfc062723c751e8b465ee728b)  -> (artifact id: 'd8ba6cff92ac623a478327d8a08b49e4') in 0.014372 seconds 
========================================================================
Received Import Request.
  Time since last request: 232.067244 seconds.
  path: Assets/Idle.fbx
  artifactKey: Guid(e4f160e07fcb06b49ae31f51fcf9abc6) Importer(815301076,1909f56bfc062723c751e8b465ee728b)
Start importing Assets/Idle.fbx using Guid(e4f160e07fcb06b49ae31f51fcf9abc6) Importer(815301076,1909f56bfc062723c751e8b465ee728b)  -> (artifact id: 'ecd454544b05ecf9d42ff50265c32587') in 0.029967 seconds 
========================================================================
Received Import Request.
  Time since last request: 77.059134 seconds.
  path: Assets/Idle.fbx
  artifactKey: Guid(e4f160e07fcb06b49ae31f51fcf9abc6) Importer(815301076,1909f56bfc062723c751e8b465ee728b)
Start importing Assets/Idle.fbx using Guid(e4f160e07fcb06b49ae31f51fcf9abc6) Importer(815301076,1909f56bfc062723c751e8b465ee728b)  -> (artifact id: '9e69b6eda9f738bd6169ea0ae18ef1ba') in 0.029117 seconds 
========================================================================
Received Import Request.
  Time since last request: 19.037226 seconds.
  path: Assets
  artifactKey: Guid(00000000000000001000000000000000) Importer(815301076,1909f56bfc062723c751e8b465ee728b)
Start importing Assets using Guid(00000000000000001000000000000000) Importer(815301076,1909f56bfc062723c751e8b465ee728b)  -> (artifact id: '42d402b061de3733987d63b9cc3b64de') in 0.004494 seconds 
========================================================================
Received Import Request.
  Time since last request: 7.317023 seconds.
  path: Assets/Ed_Animator.controller
  artifactKey: Guid(3116389dd27f444449821a4fb1c49dca) Importer(815301076,1909f56bfc062723c751e8b465ee728b)
Start importing Assets/Ed_Animator.controller using Guid(3116389dd27f444449821a4fb1c49dca) Importer(815301076,1909f56bfc062723c751e8b465ee728b)  -> (artifact id: '0260070f40ca5e6cd44e56144953cdc0') in 0.007768 seconds 
========================================================================
Received Prepare
Registering precompiled user dll's ...
Registered in 0.002384 seconds.
Begin MonoManager ReloadAssembly
Native extension for WindowsStandalone target not found
Refreshing native plugins compatible for Editor in 0.29 ms, found 2 plugins.
Preloading 0 native plugins for Editor in 0.00 ms.
Mono: successfully reloaded assembly
- Completed reload, in  0.822 seconds
Domain Reload Profiling:
	ReloadAssembly (822ms)
		BeginReloadAssembly (99ms)
			ExecutionOrderSort (0ms)
			DisableScriptedObjects (4ms)
			BackupInstance (0ms)
			ReleaseScriptingObjects (0ms)
			CreateAndSetChildDomain (29ms)
		EndReloadAssembly (670ms)
			LoadAssemblies (77ms)
			RebuildTransferFunctionScriptingTraits (0ms)
			SetupTypeCache (222ms)
			ReleaseScriptCaches (1ms)
			RebuildScriptCaches (39ms)
			SetupLoadedEditorAssemblies (255ms)
				LogAssemblyErrors (0ms)
				InitializePlatformSupportModulesInManaged (4ms)
				SetLoadedEditorAssemblies (0ms)
				RefreshPlugins (0ms)
				BeforeProcessingInitializeOnLoad (65ms)
				ProcessInitializeOnLoadAttributes (173ms)
				ProcessInitializeOnLoadMethodAttributes (8ms)
				AfterProcessingInitializeOnLoad (4ms)
				EditorAssembliesLoaded (0ms)
			ExecutionOrderSort2 (0ms)
			AwakeInstancesAfterBackupRestoration (6ms)
Platform modules already initialized, skipping
Refreshing native plugins compatible for Editor in 0.28 ms, found 2 plugins.
Preloading 0 native plugins for Editor in 0.00 ms.
Unloading 1500 Unused Serialized files (Serialized files now loaded: 0)
System memory in use before: 85.4 MB.
System memory in use after: 85.5 MB.

Unloading 11 unused Assets to reduce memory usage. Loaded Objects now: 1990.
Total: 2.530400 ms (FindLiveObjects: 0.121500 ms CreateObjectMapping: 0.036800 ms MarkObjects: 2.356200 ms  DeleteObjects: 0.015400 ms)

AssetImportParameters requested are different than current active one (requested -> active):
  custom:framework-win-MediaFoundation: 216162199b28c13a410421893ffa2e32 -> 
  custom:video-decoder-ogg-theora: a1e56fd34408186e4bbccfd4996cb3dc -> 
  custom:container-muxer-webm: aa71ff27fc2769a1b78a27578f13a17b -> 
  custom:container-demuxer-webm: 4f35f7cbe854078d1ac9338744f61a02 -> 
  custom:container-demuxer-ogg: 62fdf1f143b41e24485cea50d1cbac27 -> 
  custom:video-encoder-webm-vp8: eb34c28f22e8b96e1ab97ce403110664 -> 
  custom:video-decoder-webm-vp8: 9c59270c3fd7afecdb556c50c9e8de78 -> 
  custom:audio-decoder-ogg-vorbis: bf7c407c2cedff20999df2af8eb42d56 -> 
  custom:audio-encoder-webm-vorbis: bf7c407c2cedff20999df2af8eb42d56 -> 
========================================================================
Received Prepare
Registering precompiled user dll's ...
Registered in 0.002457 seconds.
Begin MonoManager ReloadAssembly
Native extension for WindowsStandalone target not found
Refreshing native plugins compatible for Editor in 0.34 ms, found 2 plugins.
Preloading 0 native plugins for Editor in 0.00 ms.
Mono: successfully reloaded assembly
- Completed reload, in  0.808 seconds
Domain Reload Profiling:
	ReloadAssembly (808ms)
		BeginReloadAssembly (93ms)
			ExecutionOrderSort (0ms)
			DisableScriptedObjects (4ms)
			BackupInstance (0ms)
			ReleaseScriptingObjects (0ms)
			CreateAndSetChildDomain (26ms)
		EndReloadAssembly (664ms)
			LoadAssemblies (75ms)
			RebuildTransferFunctionScriptingTraits (0ms)
			SetupTypeCache (216ms)
			ReleaseScriptCaches (1ms)
			RebuildScriptCaches (38ms)
			SetupLoadedEditorAssemblies (255ms)
				LogAssemblyErrors (0ms)
				InitializePlatformSupportModulesInManaged (4ms)
				SetLoadedEditorAssemblies (0ms)
				RefreshPlugins (0ms)
				BeforeProcessingInitializeOnLoad (64ms)
				ProcessInitializeOnLoadAttributes (173ms)
				ProcessInitializeOnLoadMethodAttributes (8ms)
				AfterProcessingInitializeOnLoad (4ms)
				EditorAssembliesLoaded (0ms)
			ExecutionOrderSort2 (0ms)
			AwakeInstancesAfterBackupRestoration (6ms)
Platform modules already initialized, skipping
Refreshing native plugins compatible for Editor in 0.29 ms, found 2 plugins.
Preloading 0 native plugins for Editor in 0.00 ms.
Unloading 1500 Unused Serialized files (Serialized files now loaded: 0)
System memory in use before: 85.5 MB.
System memory in use after: 85.6 MB.

Unloading 11 unused Assets to reduce memory usage. Loaded Objects now: 1993.
Total: 2.519000 ms (FindLiveObjects: 0.120000 ms CreateObjectMapping: 0.037300 ms MarkObjects: 2.344300 ms  DeleteObjects: 0.016800 ms)

AssetImportParameters requested are different than current active one (requested -> active):
  custom:framework-win-MediaFoundation: 216162199b28c13a410421893ffa2e32 -> 
  custom:video-decoder-ogg-theora: a1e56fd34408186e4bbccfd4996cb3dc -> 
  custom:container-muxer-webm: aa71ff27fc2769a1b78a27578f13a17b -> 
  custom:container-demuxer-webm: 4f35f7cbe854078d1ac9338744f61a02 -> 
  custom:container-demuxer-ogg: 62fdf1f143b41e24485cea50d1cbac27 -> 
  custom:video-encoder-webm-vp8: eb34c28f22e8b96e1ab97ce403110664 -> 
  custom:video-decoder-webm-vp8: 9c59270c3fd7afecdb556c50c9e8de78 -> 
  custom:audio-decoder-ogg-vorbis: bf7c407c2cedff20999df2af8eb42d56 -> 
  custom:audio-encoder-webm-vorbis: bf7c407c2cedff20999df2af8eb42d56 -> 
========================================================================
Received Import Request.
  Time since last request: 114.086159 seconds.
  path: Assets/ToUnity.fbx
  artifactKey: Guid(e18f1e8e371c213429212a7409b9191f) Importer(815301076,1909f56bfc062723c751e8b465ee728b)
Start importing Assets/ToUnity.fbx using Guid(e18f1e8e371c213429212a7409b9191f) Importer(815301076,1909f56bfc062723c751e8b465ee728b)  -> (artifact id: 'a01315e4c0931bfc304d39e3bfb6beb8') in 0.086519 seconds 
========================================================================
Received Prepare
Registering precompiled user dll's ...
Registered in 0.002270 seconds.
Begin MonoManager ReloadAssembly
Native extension for WindowsStandalone target not found
Refreshing native plugins compatible for Editor in 0.28 ms, found 2 plugins.
Preloading 0 native plugins for Editor in 0.00 ms.
Mono: successfully reloaded assembly
- Completed reload, in  0.807 seconds
Domain Reload Profiling:
	ReloadAssembly (807ms)
		BeginReloadAssembly (94ms)
			ExecutionOrderSort (0ms)
			DisableScriptedObjects (4ms)
			BackupInstance (0ms)
			ReleaseScriptingObjects (0ms)
			CreateAndSetChildDomain (27ms)
		EndReloadAssembly (662ms)
			LoadAssemblies (76ms)
			RebuildTransferFunctionScriptingTraits (0ms)
			SetupTypeCache (219ms)
			ReleaseScriptCaches (1ms)
			RebuildScriptCaches (39ms)
			SetupLoadedEditorAssemblies (253ms)
				LogAssemblyErrors (0ms)
				InitializePlatformSupportModulesInManaged (4ms)
				SetLoadedEditorAssemblies (0ms)
				RefreshPlugins (0ms)
				BeforeProcessingInitializeOnLoad (65ms)
				ProcessInitializeOnLoadAttributes (171ms)
				ProcessInitializeOnLoadMethodAttributes (8ms)
				AfterProcessingInitializeOnLoad (4ms)
				EditorAssembliesLoaded (0ms)
			ExecutionOrderSort2 (0ms)
			AwakeInstancesAfterBackupRestoration (6ms)
Platform modules already initialized, skipping
Refreshing native plugins compatible for Editor in 0.29 ms, found 2 plugins.
Preloading 0 native plugins for Editor in 0.00 ms.
Unloading 1500 Unused Serialized files (Serialized files now loaded: 0)
System memory in use before: 85.5 MB.
System memory in use after: 85.6 MB.

Unloading 11 unused Assets to reduce memory usage. Loaded Objects now: 1997.
Total: 2.521500 ms (FindLiveObjects: 0.120100 ms CreateObjectMapping: 0.037100 ms MarkObjects: 2.344000 ms  DeleteObjects: 0.019600 ms)

AssetImportParameters requested are different than current active one (requested -> active):
  custom:framework-win-MediaFoundation: 216162199b28c13a410421893ffa2e32 -> 
  custom:video-decoder-ogg-theora: a1e56fd34408186e4bbccfd4996cb3dc -> 
  custom:container-muxer-webm: aa71ff27fc2769a1b78a27578f13a17b -> 
  custom:container-demuxer-webm: 4f35f7cbe854078d1ac9338744f61a02 -> 
  custom:container-demuxer-ogg: 62fdf1f143b41e24485cea50d1cbac27 -> 
  custom:video-encoder-webm-vp8: eb34c28f22e8b96e1ab97ce403110664 -> 
  custom:video-decoder-webm-vp8: 9c59270c3fd7afecdb556c50c9e8de78 -> 
  custom:audio-decoder-ogg-vorbis: bf7c407c2cedff20999df2af8eb42d56 -> 
  custom:audio-encoder-webm-vorbis: bf7c407c2cedff20999df2af8eb42d56 -> 
========================================================================
Received Import Request.
  Time since last request: 1866.206433 seconds.
  path: Assets/RogarPorLaNota.fbx
  artifactKey: Guid(1f2232a6c1c1432488496f255b6125fa) Importer(815301076,1909f56bfc062723c751e8b465ee728b)
Start importing Assets/RogarPorLaNota.fbx using Guid(1f2232a6c1c1432488496f255b6125fa) Importer(815301076,1909f56bfc062723c751e8b465ee728b)  -> (artifact id: 'cc8d52d0414eda73bff29eb4542477ec') in 0.081525 seconds 
========================================================================
Received Import Request.
  Time since last request: 2.235096 seconds.
  path: Assets/Grulla.fbx
  artifactKey: Guid(155c96e8fb610d443a7036fe6d93af0d) Importer(815301076,1909f56bfc062723c751e8b465ee728b)
Start importing Assets/Grulla.fbx using Guid(155c96e8fb610d443a7036fe6d93af0d) Importer(815301076,1909f56bfc062723c751e8b465ee728b)  -> (artifact id: 'a8358072e2d39d2907184b449e0b6171') in 0.009053 seconds 
========================================================================
Received Import Request.
  Time since last request: 2.424954 seconds.
  path: Assets/Dab.fbx
  artifactKey: Guid(290bc3b3b1644dc44ac2ca3f021a81dd) Importer(815301076,1909f56bfc062723c751e8b465ee728b)
Start importing Assets/Dab.fbx using Guid(290bc3b3b1644dc44ac2ca3f021a81dd) Importer(815301076,1909f56bfc062723c751e8b465ee728b)  -> (artifact id: '0475b67b85a546a0f5dad6dc32c1c3a5') in 0.008606 seconds 
========================================================================
Received Import Request.
  Time since last request: 245.255215 seconds.
  path: Assets/Dab 1.fbx
  artifactKey: Guid(7793124bd08963440992c018a118d721) Importer(815301076,1909f56bfc062723c751e8b465ee728b)
Start importing Assets/Dab 1.fbx using Guid(7793124bd08963440992c018a118d721) Importer(815301076,1909f56bfc062723c751e8b465ee728b)  -> (artifact id: '932b64101e0322a89b288c53de568b17') in 0.024048 seconds 
========================================================================
Received Import Request.
  Time since last request: 318.574555 seconds.
  path: Assets/Grulla 1.fbx
  artifactKey: Guid(7c2c06a37e8d25641bd2898d0f2e4ed1) Importer(815301076,1909f56bfc062723c751e8b465ee728b)
Start importing Assets/Grulla 1.fbx using Guid(7c2c06a37e8d25641bd2898d0f2e4ed1) Importer(815301076,1909f56bfc062723c751e8b465ee728b)  -> (artifact id: '2375f933b3e695e81cda98cf9c27a5e3') in 0.039722 seconds 
========================================================================
Received Import Request.
  Time since last request: 20.691538 seconds.
  path: Assets/Dab 1.fbx
  artifactKey: Guid(7793124bd08963440992c018a118d721) Importer(815301076,1909f56bfc062723c751e8b465ee728b)
Start importing Assets/Dab 1.fbx using Guid(7793124bd08963440992c018a118d721) Importer(815301076,1909f56bfc062723c751e8b465ee728b)  -> (artifact id: '90cf025181684f2596e75d2d3fdc0cfa') in 0.024521 seconds 
========================================================================
Received Import Request.
  Time since last request: 7.559522 seconds.
  path: Assets/Grulla 1.fbx
  artifactKey: Guid(7c2c06a37e8d25641bd2898d0f2e4ed1) Importer(815301076,1909f56bfc062723c751e8b465ee728b)
Start importing Assets/Grulla 1.fbx using Guid(7c2c06a37e8d25641bd2898d0f2e4ed1) Importer(815301076,1909f56bfc062723c751e8b465ee728b)  -> (artifact id: '264033489adb5998680f2d7e6d0f4816') in 0.025081 seconds 
========================================================================
Received Import Request.
  Time since last request: 12.378556 seconds.
  path: Assets/Dab 1.fbx
  artifactKey: Guid(7793124bd08963440992c018a118d721) Importer(815301076,1909f56bfc062723c751e8b465ee728b)
Start importing Assets/Dab 1.fbx using Guid(7793124bd08963440992c018a118d721) Importer(815301076,1909f56bfc062723c751e8b465ee728b)  -> (artifact id: '6620d3bdaac345ecb28a9ab1ed67ecbe') in 0.024274 seconds 
========================================================================
Received Import Request.
  Time since last request: 29.887502 seconds.
  path: Assets/Ed_Animator.controller
  artifactKey: Guid(3116389dd27f444449821a4fb1c49dca) Importer(815301076,1909f56bfc062723c751e8b465ee728b)
Start importing Assets/Ed_Animator.controller using Guid(3116389dd27f444449821a4fb1c49dca) Importer(815301076,1909f56bfc062723c751e8b465ee728b)  -> (artifact id: '48b43ed19fa8c63801d93c488267325f') in 0.003748 seconds 
========================================================================
Received Prepare
Registering precompiled user dll's ...
Registered in 0.003370 seconds.
Begin MonoManager ReloadAssembly
Native extension for WindowsStandalone target not found
Refreshing native plugins compatible for Editor in 0.28 ms, found 2 plugins.
Preloading 0 native plugins for Editor in 0.00 ms.
Mono: successfully reloaded assembly
- Completed reload, in  0.834 seconds
Domain Reload Profiling:
	ReloadAssembly (834ms)
		BeginReloadAssembly (95ms)
			ExecutionOrderSort (0ms)
			DisableScriptedObjects (4ms)
			BackupInstance (0ms)
			ReleaseScriptingObjects (0ms)
			CreateAndSetChildDomain (28ms)
		EndReloadAssembly (687ms)
			LoadAssemblies (75ms)
			RebuildTransferFunctionScriptingTraits (0ms)
			SetupTypeCache (232ms)
			ReleaseScriptCaches (1ms)
			RebuildScriptCaches (39ms)
			SetupLoadedEditorAssemblies (262ms)
				LogAssemblyErrors (0ms)
				InitializePlatformSupportModulesInManaged (4ms)
				SetLoadedEditorAssemblies (0ms)
				RefreshPlugins (0ms)
				BeforeProcessingInitializeOnLoad (65ms)
				ProcessInitializeOnLoadAttributes (179ms)
				ProcessInitializeOnLoadMethodAttributes (9ms)
				AfterProcessingInitializeOnLoad (4ms)
				EditorAssembliesLoaded (0ms)
			ExecutionOrderSort2 (0ms)
			AwakeInstancesAfterBackupRestoration (6ms)
Platform modules already initialized, skipping
Refreshing native plugins compatible for Editor in 0.29 ms, found 2 plugins.
Preloading 0 native plugins for Editor in 0.00 ms.
Unloading 1500 Unused Serialized files (Serialized files now loaded: 0)
System memory in use before: 85.5 MB.
System memory in use after: 85.7 MB.

Unloading 11 unused Assets to reduce memory usage. Loaded Objects now: 2001.
Total: 2.371100 ms (FindLiveObjects: 0.128300 ms CreateObjectMapping: 0.046100 ms MarkObjects: 2.178700 ms  DeleteObjects: 0.017400 ms)

AssetImportParameters requested are different than current active one (requested -> active):
  custom:framework-win-MediaFoundation: 216162199b28c13a410421893ffa2e32 -> 
  custom:video-decoder-ogg-theora: a1e56fd34408186e4bbccfd4996cb3dc -> 
  custom:container-muxer-webm: aa71ff27fc2769a1b78a27578f13a17b -> 
  custom:container-demuxer-webm: 4f35f7cbe854078d1ac9338744f61a02 -> 
  custom:container-demuxer-ogg: 62fdf1f143b41e24485cea50d1cbac27 -> 
  custom:video-encoder-webm-vp8: eb34c28f22e8b96e1ab97ce403110664 -> 
  custom:video-decoder-webm-vp8: 9c59270c3fd7afecdb556c50c9e8de78 -> 
  custom:audio-decoder-ogg-vorbis: bf7c407c2cedff20999df2af8eb42d56 -> 
  custom:audio-encoder-webm-vorbis: bf7c407c2cedff20999df2af8eb42d56 -> 
========================================================================
Received Prepare
Registering precompiled user dll's ...
Registered in 0.002100 seconds.
Begin MonoManager ReloadAssembly
Native extension for WindowsStandalone target not found
Refreshing native plugins compatible for Editor in 0.29 ms, found 2 plugins.
Preloading 0 native plugins for Editor in 0.00 ms.
Mono: successfully reloaded assembly
- Completed reload, in  0.809 seconds
Domain Reload Profiling:
	ReloadAssembly (809ms)
		BeginReloadAssembly (94ms)
			ExecutionOrderSort (0ms)
			DisableScriptedObjects (4ms)
			BackupInstance (0ms)
			ReleaseScriptingObjects (0ms)
			CreateAndSetChildDomain (26ms)
		EndReloadAssembly (665ms)
			LoadAssemblies (75ms)
			RebuildTransferFunctionScriptingTraits (0ms)
			SetupTypeCache (222ms)
			ReleaseScriptCaches (1ms)
			RebuildScriptCaches (38ms)
			SetupLoadedEditorAssemblies (253ms)
				LogAssemblyErrors (0ms)
				InitializePlatformSupportModulesInManaged (4ms)
				SetLoadedEditorAssemblies (0ms)
				RefreshPlugins (0ms)
				BeforeProcessingInitializeOnLoad (65ms)
				ProcessInitializeOnLoadAttributes (172ms)
				ProcessInitializeOnLoadMethodAttributes (8ms)
				AfterProcessingInitializeOnLoad (4ms)
				EditorAssembliesLoaded (0ms)
			ExecutionOrderSort2 (0ms)
			AwakeInstancesAfterBackupRestoration (6ms)
Platform modules already initialized, skipping
Refreshing native plugins compatible for Editor in 0.29 ms, found 2 plugins.
Preloading 0 native plugins for Editor in 0.00 ms.
Unloading 1501 Unused Serialized files (Serialized files now loaded: 0)
System memory in use before: 85.6 MB.
System memory in use after: 85.7 MB.

Unloading 11 unused Assets to reduce memory usage. Loaded Objects now: 2005.
Total: 2.529100 ms (FindLiveObjects: 0.122400 ms CreateObjectMapping: 0.036700 ms MarkObjects: 2.352800 ms  DeleteObjects: 0.016500 ms)

AssetImportParameters requested are different than current active one (requested -> active):
  custom:framework-win-MediaFoundation: 216162199b28c13a410421893ffa2e32 -> 
  custom:video-decoder-ogg-theora: a1e56fd34408186e4bbccfd4996cb3dc -> 
  custom:container-muxer-webm: aa71ff27fc2769a1b78a27578f13a17b -> 
  custom:container-demuxer-webm: 4f35f7cbe854078d1ac9338744f61a02 -> 
  custom:container-demuxer-ogg: 62fdf1f143b41e24485cea50d1cbac27 -> 
  custom:video-encoder-webm-vp8: eb34c28f22e8b96e1ab97ce403110664 -> 
  custom:video-decoder-webm-vp8: 9c59270c3fd7afecdb556c50c9e8de78 -> 
  custom:audio-decoder-ogg-vorbis: bf7c407c2cedff20999df2af8eb42d56 -> 
  custom:audio-encoder-webm-vorbis: bf7c407c2cedff20999df2af8eb42d56 -> 
========================================================================
Received Import Request.
  Time since last request: 599.956570 seconds.
  path: Assets/Input.cs
  artifactKey: Guid(95c3e8673a50c6b468e85a22688c0e38) Importer(815301076,1909f56bfc062723c751e8b465ee728b)
Start importing Assets/Input.cs using Guid(95c3e8673a50c6b468e85a22688c0e38) Importer(815301076,1909f56bfc062723c751e8b465ee728b)  -> (artifact id: 'e8d17de8238663dde1dd5b5827e0781e') in 0.033515 seconds 
========================================================================
Received Import Request.
  Time since last request: 3.650855 seconds.
  path: Assets/AnimInput.cs
  artifactKey: Guid(95c3e8673a50c6b468e85a22688c0e38) Importer(815301076,1909f56bfc062723c751e8b465ee728b)
Start importing Assets/AnimInput.cs using Guid(95c3e8673a50c6b468e85a22688c0e38) Importer(815301076,1909f56bfc062723c751e8b465ee728b)  -> (artifact id: '3d3cdcf81059a00c7ca6433aac43f374') in 0.004491 seconds 
========================================================================
Received Import Request.
  Time since last request: 57.919118 seconds.
  path: Assets/AnimInput.cs
  artifactKey: Guid(95c3e8673a50c6b468e85a22688c0e38) Importer(815301076,1909f56bfc062723c751e8b465ee728b)
Start importing Assets/AnimInput.cs using Guid(95c3e8673a50c6b468e85a22688c0e38) Importer(815301076,1909f56bfc062723c751e8b465ee728b)  -> (artifact id: '986d25df8168baea22ca8ca30d310d66') in 0.002030 seconds 
========================================================================
Received Import Request.
  Time since last request: 45.276112 seconds.
  path: Assets/AnimInput.cs
  artifactKey: Guid(95c3e8673a50c6b468e85a22688c0e38) Importer(815301076,1909f56bfc062723c751e8b465ee728b)
Start importing Assets/AnimInput.cs using Guid(95c3e8673a50c6b468e85a22688c0e38) Importer(815301076,1909f56bfc062723c751e8b465ee728b)  -> (artifact id: '4dd90756586cfb0d27ecb0170b4cdc6c') in 0.001871 seconds 
========================================================================
Received Import Request.
  Time since last request: 16.356668 seconds.
  path: Assets/AnimInput.cs
  artifactKey: Guid(95c3e8673a50c6b468e85a22688c0e38) Importer(815301076,1909f56bfc062723c751e8b465ee728b)
Start importing Assets/AnimInput.cs using Guid(95c3e8673a50c6b468e85a22688c0e38) Importer(815301076,1909f56bfc062723c751e8b465ee728b)  -> (artifact id: '45e9e04ec891d1547294fe931ab4771f') in 0.001949 seconds 
========================================================================
Received Import Request.
  Time since last request: 8.559328 seconds.
  path: Assets/AnimInput.cs
  artifactKey: Guid(95c3e8673a50c6b468e85a22688c0e38) Importer(815301076,1909f56bfc062723c751e8b465ee728b)
Start importing Assets/AnimInput.cs using Guid(95c3e8673a50c6b468e85a22688c0e38) Importer(815301076,1909f56bfc062723c751e8b465ee728b)  -> (artifact id: 'd1a8c608df1effb80b16431d8664ffa7') in 0.001668 seconds 
========================================================================
Received Prepare
Registering precompiled user dll's ...
Registered in 0.002240 seconds.
Begin MonoManager ReloadAssembly
Native extension for WindowsStandalone target not found
Refreshing native plugins compatible for Editor in 0.28 ms, found 2 plugins.
Preloading 0 native plugins for Editor in 0.00 ms.
Mono: successfully reloaded assembly
- Completed reload, in  0.858 seconds
Domain Reload Profiling:
	ReloadAssembly (859ms)
		BeginReloadAssembly (97ms)
			ExecutionOrderSort (0ms)
			DisableScriptedObjects (5ms)
			BackupInstance (0ms)
			ReleaseScriptingObjects (0ms)
			CreateAndSetChildDomain (26ms)
		EndReloadAssembly (709ms)
			LoadAssemblies (77ms)
			RebuildTransferFunctionScriptingTraits (0ms)
			SetupTypeCache (247ms)
			ReleaseScriptCaches (1ms)
			RebuildScriptCaches (40ms)
			SetupLoadedEditorAssemblies (266ms)
				LogAssemblyErrors (0ms)
				InitializePlatformSupportModulesInManaged (4ms)
				SetLoadedEditorAssemblies (0ms)
				RefreshPlugins (0ms)
				BeforeProcessingInitializeOnLoad (66ms)
				ProcessInitializeOnLoadAttributes (182ms)
				ProcessInitializeOnLoadMethodAttributes (8ms)
				AfterProcessingInitializeOnLoad (4ms)
				EditorAssembliesLoaded (0ms)
			ExecutionOrderSort2 (0ms)
			AwakeInstancesAfterBackupRestoration (6ms)
Platform modules already initialized, skipping
Refreshing native plugins compatible for Editor in 0.29 ms, found 2 plugins.
Preloading 0 native plugins for Editor in 0.00 ms.
Unloading 1501 Unused Serialized files (Serialized files now loaded: 0)
System memory in use before: 85.6 MB.
System memory in use after: 85.7 MB.

Unloading 11 unused Assets to reduce memory usage. Loaded Objects now: 2008.
Total: 2.531500 ms (FindLiveObjects: 0.134400 ms CreateObjectMapping: 0.038300 ms MarkObjects: 2.340600 ms  DeleteObjects: 0.017200 ms)

AssetImportParameters requested are different than current active one (requested -> active):
  custom:framework-win-MediaFoundation: 216162199b28c13a410421893ffa2e32 -> 
  custom:video-decoder-ogg-theora: a1e56fd34408186e4bbccfd4996cb3dc -> 
  custom:container-muxer-webm: aa71ff27fc2769a1b78a27578f13a17b -> 
  custom:container-demuxer-webm: 4f35f7cbe854078d1ac9338744f61a02 -> 
  custom:container-demuxer-ogg: 62fdf1f143b41e24485cea50d1cbac27 -> 
  custom:video-encoder-webm-vp8: eb34c28f22e8b96e1ab97ce403110664 -> 
  custom:video-decoder-webm-vp8: 9c59270c3fd7afecdb556c50c9e8de78 -> 
  custom:audio-decoder-ogg-vorbis: bf7c407c2cedff20999df2af8eb42d56 -> 
  custom:audio-encoder-webm-vorbis: bf7c407c2cedff20999df2af8eb42d56 -> 
========================================================================
Received Import Request.
  Time since last request: 7.009114 seconds.
  path: Assets/Ed_Animator.controller
  artifactKey: Guid(3116389dd27f444449821a4fb1c49dca) Importer(815301076,1909f56bfc062723c751e8b465ee728b)
Start importing Assets/Ed_Animator.controller using Guid(3116389dd27f444449821a4fb1c49dca) Importer(815301076,1909f56bfc062723c751e8b465ee728b)  -> (artifact id: '75d9778ae69cc1a38c1fd2fb2aa50f6c') in 0.017961 seconds 
========================================================================
Received Prepare
Registering precompiled user dll's ...
Registered in 0.002175 seconds.
Begin MonoManager ReloadAssembly
Native extension for WindowsStandalone target not found
Refreshing native plugins compatible for Editor in 0.28 ms, found 2 plugins.
Preloading 0 native plugins for Editor in 0.00 ms.
Mono: successfully reloaded assembly
- Completed reload, in  0.807 seconds
Domain Reload Profiling:
	ReloadAssembly (808ms)
		BeginReloadAssembly (94ms)
			ExecutionOrderSort (0ms)
			DisableScriptedObjects (4ms)
			BackupInstance (0ms)
			ReleaseScriptingObjects (0ms)
			CreateAndSetChildDomain (26ms)
		EndReloadAssembly (663ms)
			LoadAssemblies (76ms)
			RebuildTransferFunctionScriptingTraits (0ms)
			SetupTypeCache (216ms)
			ReleaseScriptCaches (1ms)
			RebuildScriptCaches (38ms)
			SetupLoadedEditorAssemblies (253ms)
				LogAssemblyErrors (0ms)
				InitializePlatformSupportModulesInManaged (4ms)
				SetLoadedEditorAssemblies (0ms)
				RefreshPlugins (0ms)
				BeforeProcessingInitializeOnLoad (65ms)
				ProcessInitializeOnLoadAttributes (170ms)
				ProcessInitializeOnLoadMethodAttributes (8ms)
				AfterProcessingInitializeOnLoad (4ms)
				EditorAssembliesLoaded (0ms)
			ExecutionOrderSort2 (0ms)
			AwakeInstancesAfterBackupRestoration (6ms)
Platform modules already initialized, skipping
Refreshing native plugins compatible for Editor in 0.28 ms, found 2 plugins.
Preloading 0 native plugins for Editor in 0.00 ms.
Unloading 1501 Unused Serialized files (Serialized files now loaded: 0)
System memory in use before: 85.6 MB.
System memory in use after: 85.7 MB.

Unloading 11 unused Assets to reduce memory usage. Loaded Objects now: 2011.
Total: 2.599400 ms (FindLiveObjects: 0.132500 ms CreateObjectMapping: 0.038500 ms MarkObjects: 2.405800 ms  DeleteObjects: 0.021700 ms)

AssetImportParameters requested are different than current active one (requested -> active):
  custom:framework-win-MediaFoundation: 216162199b28c13a410421893ffa2e32 -> 
  custom:video-decoder-ogg-theora: a1e56fd34408186e4bbccfd4996cb3dc -> 
  custom:container-muxer-webm: aa71ff27fc2769a1b78a27578f13a17b -> 
  custom:container-demuxer-webm: 4f35f7cbe854078d1ac9338744f61a02 -> 
  custom:container-demuxer-ogg: 62fdf1f143b41e24485cea50d1cbac27 -> 
  custom:video-encoder-webm-vp8: eb34c28f22e8b96e1ab97ce403110664 -> 
  custom:video-decoder-webm-vp8: 9c59270c3fd7afecdb556c50c9e8de78 -> 
  custom:audio-decoder-ogg-vorbis: bf7c407c2cedff20999df2af8eb42d56 -> 
  custom:audio-encoder-webm-vorbis: bf7c407c2cedff20999df2af8eb42d56 -> 
========================================================================
Received Import Request.
  Time since last request: 52.340149 seconds.
  path: Assets/Ed_Animator.controller
  artifactKey: Guid(3116389dd27f444449821a4fb1c49dca) Importer(815301076,1909f56bfc062723c751e8b465ee728b)
Start importing Assets/Ed_Animator.controller using Guid(3116389dd27f444449821a4fb1c49dca) Importer(815301076,1909f56bfc062723c751e8b465ee728b)  -> (artifact id: '915f1a7161481de3eb65230c475598bd') in 0.012363 seconds 
========================================================================
Received Prepare
Registering precompiled user dll's ...
Registered in 0.002063 seconds.
Begin MonoManager ReloadAssembly
Native extension for WindowsStandalone target not found
Refreshing native plugins compatible for Editor in 0.28 ms, found 2 plugins.
Preloading 0 native plugins for Editor in 0.00 ms.
Mono: successfully reloaded assembly
- Completed reload, in  0.841 seconds
Domain Reload Profiling:
	ReloadAssembly (841ms)
		BeginReloadAssembly (96ms)
			ExecutionOrderSort (0ms)
			DisableScriptedObjects (4ms)
			BackupInstance (0ms)
			ReleaseScriptingObjects (0ms)
			CreateAndSetChildDomain (26ms)
		EndReloadAssembly (688ms)
			LoadAssemblies (80ms)
			RebuildTransferFunctionScriptingTraits (0ms)
			SetupTypeCache (226ms)
			ReleaseScriptCaches (1ms)
			RebuildScriptCaches (39ms)
			SetupLoadedEditorAssemblies (260ms)
				LogAssemblyErrors (0ms)
				InitializePlatformSupportModulesInManaged (4ms)
				SetLoadedEditorAssemblies (0ms)
				RefreshPlugins (0ms)
				BeforeProcessingInitializeOnLoad (67ms)
				ProcessInitializeOnLoadAttributes (176ms)
				ProcessInitializeOnLoadMethodAttributes (8ms)
				AfterProcessingInitializeOnLoad (4ms)
				EditorAssembliesLoaded (0ms)
			ExecutionOrderSort2 (0ms)
			AwakeInstancesAfterBackupRestoration (6ms)
Platform modules already initialized, skipping
Refreshing native plugins compatible for Editor in 0.30 ms, found 2 plugins.
Preloading 0 native plugins for Editor in 0.00 ms.
Unloading 1501 Unused Serialized files (Serialized files now loaded: 0)
System memory in use before: 85.6 MB.
System memory in use after: 85.7 MB.

Unloading 11 unused Assets to reduce memory usage. Loaded Objects now: 2014.
Total: 2.522400 ms (FindLiveObjects: 0.124000 ms CreateObjectMapping: 0.037100 ms MarkObjects: 2.344500 ms  DeleteObjects: 0.016100 ms)

AssetImportParameters requested are different than current active one (requested -> active):
  custom:framework-win-MediaFoundation: 216162199b28c13a410421893ffa2e32 -> 
  custom:video-decoder-ogg-theora: a1e56fd34408186e4bbccfd4996cb3dc -> 
  custom:container-muxer-webm: aa71ff27fc2769a1b78a27578f13a17b -> 
  custom:container-demuxer-webm: 4f35f7cbe854078d1ac9338744f61a02 -> 
  custom:container-demuxer-ogg: 62fdf1f143b41e24485cea50d1cbac27 -> 
  custom:video-encoder-webm-vp8: eb34c28f22e8b96e1ab97ce403110664 -> 
  custom:video-decoder-webm-vp8: 9c59270c3fd7afecdb556c50c9e8de78 -> 
  custom:audio-decoder-ogg-vorbis: bf7c407c2cedff20999df2af8eb42d56 -> 
  custom:audio-encoder-webm-vorbis: bf7c407c2cedff20999df2af8eb42d56 -> 
========================================================================
Received Prepare
Registering precompiled user dll's ...
Registered in 0.002256 seconds.
Begin MonoManager ReloadAssembly
Native extension for WindowsStandalone target not found
Refreshing native plugins compatible for Editor in 0.29 ms, found 2 plugins.
Preloading 0 native plugins for Editor in 0.00 ms.
Mono: successfully reloaded assembly
- Completed reload, in  0.801 seconds
Domain Reload Profiling:
	ReloadAssembly (802ms)
		BeginReloadAssembly (92ms)
			ExecutionOrderSort (0ms)
			DisableScriptedObjects (4ms)
			BackupInstance (0ms)
			ReleaseScriptingObjects (0ms)
			CreateAndSetChildDomain (25ms)
		EndReloadAssembly (660ms)
			LoadAssemblies (73ms)
			RebuildTransferFunctionScriptingTraits (0ms)
			SetupTypeCache (218ms)
			ReleaseScriptCaches (1ms)
			RebuildScriptCaches (38ms)
			SetupLoadedEditorAssemblies (255ms)
				LogAssemblyErrors (0ms)
				InitializePlatformSupportModulesInManaged (4ms)
				SetLoadedEditorAssemblies (0ms)
				RefreshPlugins (0ms)
				BeforeProcessingInitializeOnLoad (66ms)
				ProcessInitializeOnLoadAttributes (172ms)
				ProcessInitializeOnLoadMethodAttributes (8ms)
				AfterProcessingInitializeOnLoad (4ms)
				EditorAssembliesLoaded (0ms)
			ExecutionOrderSort2 (0ms)
			AwakeInstancesAfterBackupRestoration (6ms)
Platform modules already initialized, skipping
Refreshing native plugins compatible for Editor in 0.29 ms, found 2 plugins.
Preloading 0 native plugins for Editor in 0.00 ms.
Unloading 1501 Unused Serialized files (Serialized files now loaded: 0)
System memory in use before: 85.6 MB.
System memory in use after: 85.7 MB.

Unloading 11 unused Assets to reduce memory usage. Loaded Objects now: 2017.
Total: 2.492800 ms (FindLiveObjects: 0.133200 ms CreateObjectMapping: 0.038700 ms MarkObjects: 2.303200 ms  DeleteObjects: 0.016900 ms)

AssetImportParameters requested are different than current active one (requested -> active):
  custom:framework-win-MediaFoundation: 216162199b28c13a410421893ffa2e32 -> 
  custom:video-decoder-ogg-theora: a1e56fd34408186e4bbccfd4996cb3dc -> 
  custom:container-muxer-webm: aa71ff27fc2769a1b78a27578f13a17b -> 
  custom:container-demuxer-webm: 4f35f7cbe854078d1ac9338744f61a02 -> 
  custom:container-demuxer-ogg: 62fdf1f143b41e24485cea50d1cbac27 -> 
  custom:video-encoder-webm-vp8: eb34c28f22e8b96e1ab97ce403110664 -> 
  custom:video-decoder-webm-vp8: 9c59270c3fd7afecdb556c50c9e8de78 -> 
  custom:audio-decoder-ogg-vorbis: bf7c407c2cedff20999df2af8eb42d56 -> 
  custom:audio-encoder-webm-vorbis: bf7c407c2cedff20999df2af8eb42d56 -> 
========================================================================
Received Import Request.
  Time since last request: 147.819825 seconds.
  path: Assets/ToSubstance_lambert1_Normal.png
  artifactKey: Guid(f3307856dd24438479877d28fd24cd33) Importer(815301076,1909f56bfc062723c751e8b465ee728b)
Start importing Assets/ToSubstance_lambert1_Normal.png using Guid(f3307856dd24438479877d28fd24cd33) Importer(815301076,1909f56bfc062723c751e8b465ee728b)  -> (artifact id: '8d0c0ec3898646761152a131735ed832') in 0.039469 seconds 
AssetImportWorkerClient::OnTransportError - code=2 error=End of file
